TN:
SF:src/entities/category.ts
FN:7,(anonymous_0)
FN:14,(anonymous_1)
FNF:2
FNH:2
FNDA:33,(anonymous_0)
FNDA:33,(anonymous_1)
DA:1,12
DA:8,33
DA:9,33
DA:10,33
DA:11,33
DA:15,33
DA:16,33
DA:17,33
DA:18,33
DA:19,33
DA:20,1
DA:21,1
LF:12
LH:12
BRDA:16,0,0,1
BRDA:16,1,0,33
BRDA:16,1,1,32
BRDA:17,2,0,1
BRDA:17,3,0,33
BRDA:17,3,1,32
BRDA:18,4,0,1
BRDA:18,5,0,33
BRDA:18,5,1,32
BRDA:19,6,0,1
BRF:10
BRH:10
end_of_record
TN:
SF:src/entities/product.ts
FN:11,(anonymous_0)
FN:26,(anonymous_1)
FNF:2
FNH:2
FNDA:20,(anonymous_0)
FNDA:20,(anonymous_1)
DA:3,7
DA:18,20
DA:19,20
DA:20,20
DA:21,20
DA:22,20
DA:23,20
DA:27,20
DA:28,20
DA:29,20
DA:30,20
DA:31,20
DA:32,20
DA:33,20
DA:34,1
DA:35,1
LF:16
LH:16
BRDA:28,0,0,1
BRDA:28,1,0,20
BRDA:28,1,1,19
BRDA:29,2,0,1
BRDA:29,3,0,20
BRDA:29,3,1,19
BRDA:30,4,0,1
BRDA:31,5,0,1
BRDA:31,6,0,20
BRDA:31,6,1,19
BRDA:32,7,0,0
BRDA:33,8,0,1
BRF:12
BRH:11
end_of_record
TN:
SF:src/infra/database/repositories/category.ts
FN:8,(anonymous_7)
FN:12,(anonymous_8)
FN:18,(anonymous_10)
FN:20,(anonymous_12)
FN:23,(anonymous_13)
FN:31,(anonymous_15)
FN:35,(anonymous_17)
FNF:7
FNH:7
FNDA:10,(anonymous_7)
FNDA:2,(anonymous_8)
FNDA:2,(anonymous_10)
FNDA:1,(anonymous_12)
FNDA:2,(anonymous_13)
FNDA:2,(anonymous_15)
FNDA:2,(anonymous_17)
DA:4,1
DA:6,1
DA:9,10
DA:13,2
DA:14,2
DA:15,1
DA:19,2
DA:20,1
DA:24,2
DA:25,2
DA:26,1
DA:28,1
DA:32,2
DA:36,2
LF:14
LH:14
BRDA:25,0,0,1
BRF:1
BRH:1
end_of_record
TN:
SF:src/infra/database/repositories/mappers.ts
FN:5,mongoDBToCategoryDomain
FN:13,mongoDBToProductDomain
FNF:2
FNH:2
FNDA:2,mongoDBToCategoryDomain
FNDA:2,mongoDBToProductDomain
DA:2,2
DA:3,2
DA:5,2
DA:8,2
DA:9,2
DA:10,2
DA:13,2
DA:16,2
DA:21,2
DA:22,2
DA:29,2
DA:30,2
LF:12
LH:12
BRF:0
BRH:0
end_of_record
TN:
SF:src/infra/database/repositories/product.ts
FN:9,(anonymous_7)
FN:13,(anonymous_8)
FN:19,(anonymous_10)
FN:23,(anonymous_12)
FN:31,(anonymous_14)
FN:35,(anonymous_16)
FN:37,(anonymous_18)
FNF:7
FNH:7
FNDA:11,(anonymous_7)
FNDA:2,(anonymous_8)
FNDA:2,(anonymous_10)
FNDA:3,(anonymous_12)
FNDA:2,(anonymous_14)
FNDA:2,(anonymous_16)
FNDA:1,(anonymous_18)
DA:4,1
DA:6,1
DA:10,11
DA:14,2
DA:15,2
DA:16,1
DA:20,2
DA:24,3
DA:25,2
DA:26,1
DA:28,1
DA:32,2
DA:36,2
DA:37,1
LF:14
LH:14
BRDA:25,0,0,1
BRF:1
BRH:1
end_of_record
TN:
SF:src/infra/database/schemas/category.ts
FNF:0
FNH:0
DA:1,1
DA:4,1
DA:10,1
LF:3
LH:3
BRF:0
BRH:0
end_of_record
TN:
SF:src/infra/database/schemas/product.ts
FNF:0
FNH:0
DA:1,1
DA:4,1
DA:12,1
LF:3
LH:3
BRF:0
BRH:0
end_of_record
TN:
SF:src/infra/events/aws-sns-event.ts
FN:9,(anonymous_7)
FN:14,(anonymous_8)
FN:26,(anonymous_9)
FNF:3
FNH:3
FNDA:1,(anonymous_7)
FNDA:1,(anonymous_8)
FNDA:1,(anonymous_9)
DA:1,1
DA:5,1
DA:10,1
DA:11,1
DA:15,1
DA:23,1
DA:27,1
DA:33,1
LF:8
LH:8
BRF:0
BRH:0
end_of_record
TN:
SF:src/usecases/category/DeleteCategoryUsecase.ts
FN:5,(anonymous_7)
FN:10,(anonymous_8)
FNF:2
FNH:2
FNDA:3,(anonymous_7)
FNDA:3,(anonymous_8)
DA:4,1
DA:6,3
DA:7,3
DA:11,3
DA:12,2
DA:13,1
DA:15,1
DA:16,1
LF:8
LH:8
BRDA:12,0,0,1
BRF:1
BRH:1
end_of_record
TN:
SF:src/usecases/category/GetAllCategoryUsecase.ts
FN:12,(anonymous_7)
FN:16,(anonymous_8)
FN:18,(anonymous_10)
FNF:3
FNH:3
FNDA:1,(anonymous_7)
FNDA:1,(anonymous_8)
FNDA:1,(anonymous_10)
DA:10,1
DA:13,1
DA:17,1
DA:18,1
LF:4
LH:4
BRF:0
BRH:0
end_of_record
TN:
SF:src/usecases/category/RegisterCategoryUsecase.ts
FN:19,(anonymous_7)
FN:24,(anonymous_8)
FNF:2
FNH:2
FNDA:1,(anonymous_7)
FNDA:1,(anonymous_8)
DA:1,1
DA:18,1
DA:20,1
DA:21,1
DA:25,1
DA:26,1
DA:27,1
DA:33,1
DA:40,1
LF:9
LH:9
BRF:0
BRH:0
end_of_record
TN:
SF:src/usecases/category/UpdateCategoryUsecase.ts
FN:18,(anonymous_7)
FN:23,(anonymous_8)
FNF:2
FNH:2
FNDA:1,(anonymous_7)
FNDA:1,(anonymous_8)
DA:17,1
DA:19,1
DA:20,1
DA:24,1
DA:25,1
DA:26,1
DA:27,1
DA:28,1
DA:34,1
DA:41,1
LF:10
LH:10
BRDA:25,0,0,1
BRDA:26,1,0,1
BRF:2
BRH:2
end_of_record
TN:
SF:src/usecases/category/mock/category-repository-mock.ts
FN:4,(anonymous_7)
FN:6,(anonymous_8)
FN:12,(anonymous_10)
FN:14,(anonymous_12)
FN:21,(anonymous_13)
FN:22,(anonymous_15)
FN:29,(anonymous_16)
FN:30,(anonymous_18)
FN:34,(anonymous_19)
FNF:9
FNH:9
FNDA:11,(anonymous_7)
FNDA:9,(anonymous_8)
FNDA:1,(anonymous_10)
FNDA:1,(anonymous_12)
FNDA:7,(anonymous_13)
FNDA:5,(anonymous_15)
FNDA:1,(anonymous_16)
FNDA:1,(anonymous_18)
FNDA:1,(anonymous_19)
DA:4,6
DA:5,11
DA:7,9
DA:8,9
DA:9,9
DA:13,1
DA:14,1
DA:16,1
DA:17,1
DA:22,7
DA:23,7
DA:24,2
DA:26,5
DA:30,1
DA:31,1
DA:35,1
LF:16
LH:16
BRDA:16,0,0,1
BRDA:23,1,0,2
BRF:2
BRH:2
end_of_record
TN:
SF:src/usecases/category/mock/publish-event-mock.ts
FN:3,(anonymous_7)
FN:6,(anonymous_8)
FNF:2
FNH:2
FNDA:5,(anonymous_7)
FNDA:3,(anonymous_8)
DA:3,3
DA:4,5
DA:7,3
LF:3
LH:3
BRF:0
BRH:0
end_of_record
TN:
SF:src/usecases/product/DeleteProductUsecase.ts
FN:5,(anonymous_7)
FN:10,(anonymous_8)
FNF:2
FNH:2
FNDA:3,(anonymous_7)
FNDA:3,(anonymous_8)
DA:4,1
DA:6,3
DA:7,3
DA:11,3
DA:12,2
DA:13,1
DA:15,1
DA:16,1
LF:8
LH:8
BRDA:12,0,0,1
BRF:1
BRH:1
end_of_record
TN:
SF:src/usecases/product/GetAllProductUsecase.ts
FN:15,(anonymous_7)
FN:19,(anonymous_8)
FN:21,(anonymous_10)
FNF:3
FNH:3
FNDA:1,(anonymous_7)
FNDA:1,(anonymous_8)
FNDA:1,(anonymous_10)
DA:13,1
DA:16,1
DA:20,1
DA:21,1
LF:4
LH:4
BRF:0
BRH:0
end_of_record
TN:
SF:src/usecases/product/RegisterProductUsecase.ts
FN:30,(anonymous_7)
FN:40,(anonymous_8)
FNF:2
FNH:2
FNDA:2,(anonymous_7)
FNDA:2,(anonymous_8)
DA:2,1
DA:26,1
DA:35,2
DA:36,2
DA:37,2
DA:41,2
DA:42,1
DA:49,1
DA:51,1
DA:60,1
DA:68,1
LF:11
LH:11
BRF:0
BRH:0
end_of_record
TN:
SF:src/usecases/product/UpdateProductUsecase.ts
FN:30,(anonymous_7)
FN:40,(anonymous_8)
FNF:2
FNH:2
FNDA:3,(anonymous_7)
FNDA:3,(anonymous_8)
DA:25,1
DA:35,3
DA:36,3
DA:37,3
DA:42,3
DA:43,1
DA:45,3
DA:46,2
DA:47,2
DA:48,2
DA:49,2
DA:51,2
DA:53,2
DA:62,2
DA:69,2
LF:15
LH:15
BRDA:42,0,0,1
BRDA:46,1,0,2
BRDA:47,2,0,1
BRDA:48,3,0,1
BRDA:49,4,0,1
BRF:5
BRH:5
end_of_record
TN:
SF:src/usecases/product/mock/product-repository-mock.ts
FN:4,(anonymous_7)
FN:6,(anonymous_8)
FN:12,(anonymous_10)
FN:14,(anonymous_12)
FN:21,(anonymous_13)
FN:22,(anonymous_15)
FN:29,(anonymous_16)
FN:30,(anonymous_18)
FN:34,(anonymous_19)
FNF:9
FNH:9
FNDA:9,(anonymous_7)
FNDA:6,(anonymous_8)
FNDA:2,(anonymous_10)
FNDA:2,(anonymous_12)
FNDA:6,(anonymous_13)
FNDA:4,(anonymous_15)
FNDA:1,(anonymous_16)
FNDA:1,(anonymous_18)
FNDA:1,(anonymous_19)
DA:4,4
DA:5,9
DA:7,6
DA:8,6
DA:9,6
DA:13,2
DA:14,2
DA:16,2
DA:17,2
DA:22,6
DA:23,6
DA:24,2
DA:26,4
DA:30,1
DA:31,1
DA:35,1
LF:16
LH:16
BRDA:16,0,0,2
BRDA:23,1,0,2
BRF:2
BRH:2
end_of_record
TN:
SF:src/usecases/product/mock/publish-event-mock.ts
FN:3,(anonymous_7)
FN:6,(anonymous_8)
FNF:2
FNH:2
FNDA:8,(anonymous_7)
FNDA:4,(anonymous_8)
DA:3,3
DA:4,8
DA:7,4
LF:3
LH:3
BRF:0
BRH:0
end_of_record
