{"/Users/janapc/projects-nodejs/desafio-anotaai-nodejs/lambda/infra/database/repositories/category.ts": {"path":"/Users/janapc/projects-nodejs/desafio-anotaai-nodejs/lambda/infra/database/repositories/category.ts","statementMap":{"0":{"start":{"line":6,"column":31},"end":{"line":6,"column":61}},"1":{"start":{"line":9,"column":21},"end":{"line":9,"column":58}},"2":{"start":{"line":10,"column":4},"end":{"line":10,"column":null}},"3":{"start":{"line":10,"column":19},"end":{"line":10,"column":null}},"4":{"start":{"line":11,"column":4},"end":{"line":16,"column":null}},"5":{"start":{"line":5,"column":0},"end":{"line":5,"column":13}}},"fnMap":{"0":{"name":"(anonymous_7)","decl":{"start":{"line":6,"column":2},"end":{"line":6,"column":31}},"loc":{"start":{"line":6,"column":61},"end":{"line":6,"column":65}}},"1":{"name":"(anonymous_8)","decl":{"start":{"line":8,"column":8},"end":{"line":8,"column":16}},"loc":{"start":{"line":8,"column":27},"end":{"line":17,"column":null}}}},"branchMap":{"0":{"loc":{"start":{"line":10,"column":4},"end":{"line":10,"column":null}},"type":"if","locations":[{"start":{"line":10,"column":4},"end":{"line":10,"column":null}}]}},"s":{"0":2,"1":2,"2":2,"3":1,"4":1,"5":1},"f":{"0":2,"1":2},"b":{"0":[1]}}
,"/Users/janapc/projects-nodejs/desafio-anotaai-nodejs/lambda/infra/database/repositories/product.ts": {"path":"/Users/janapc/projects-nodejs/desafio-anotaai-nodejs/lambda/infra/database/repositories/product.ts","statementMap":{"0":{"start":{"line":6,"column":31},"end":{"line":6,"column":59}},"1":{"start":{"line":9,"column":20},"end":{"line":9,"column":77}},"2":{"start":{"line":10,"column":4},"end":{"line":10,"column":null}},"3":{"start":{"line":10,"column":18},"end":{"line":10,"column":null}},"4":{"start":{"line":11,"column":4},"end":{"line":23,"column":null}},"5":{"start":{"line":5,"column":0},"end":{"line":5,"column":13}}},"fnMap":{"0":{"name":"(anonymous_7)","decl":{"start":{"line":6,"column":2},"end":{"line":6,"column":31}},"loc":{"start":{"line":6,"column":59},"end":{"line":6,"column":63}}},"1":{"name":"(anonymous_8)","decl":{"start":{"line":8,"column":8},"end":{"line":8,"column":16}},"loc":{"start":{"line":8,"column":27},"end":{"line":24,"column":null}}}},"branchMap":{"0":{"loc":{"start":{"line":10,"column":4},"end":{"line":10,"column":null}},"type":"if","locations":[{"start":{"line":10,"column":4},"end":{"line":10,"column":null}}]}},"s":{"0":2,"1":2,"2":2,"3":1,"4":1,"5":1},"f":{"0":2,"1":2},"b":{"0":[1]}}
,"/Users/janapc/projects-nodejs/desafio-anotaai-nodejs/lambda/infra/database/schemas/category.ts": {"path":"/Users/janapc/projects-nodejs/desafio-anotaai-nodejs/lambda/infra/database/schemas/category.ts","statementMap":{"0":{"start":{"line":1,"column":0},"end":{"line":1,"column":40}},"1":{"start":{"line":4,"column":13},"end":{"line":8,"column":null}},"2":{"start":{"line":10,"column":13},"end":{"line":10,"column":null}}},"fnMap":{},"branchMap":{},"s":{"0":1,"1":1,"2":1},"f":{},"b":{}}
,"/Users/janapc/projects-nodejs/desafio-anotaai-nodejs/lambda/infra/database/schemas/product.ts": {"path":"/Users/janapc/projects-nodejs/desafio-anotaai-nodejs/lambda/infra/database/schemas/product.ts","statementMap":{"0":{"start":{"line":1,"column":0},"end":{"line":1,"column":40}},"1":{"start":{"line":4,"column":13},"end":{"line":10,"column":null}},"2":{"start":{"line":12,"column":13},"end":{"line":12,"column":null}}},"fnMap":{},"branchMap":{},"s":{"0":1,"1":1,"2":1},"f":{},"b":{}}
,"/Users/janapc/projects-nodejs/desafio-anotaai-nodejs/lambda/infra/storage/aws-storage-s3.ts": {"path":"/Users/janapc/projects-nodejs/desafio-anotaai-nodejs/lambda/infra/storage/aws-storage-s3.ts","statementMap":{"0":{"start":{"line":1,"column":0},"end":{"line":1,"column":null}},"1":{"start":{"line":11,"column":31},"end":{"line":11,"column":49}},"2":{"start":{"line":12,"column":4},"end":{"line":12,"column":null}},"3":{"start":{"line":16,"column":4},"end":{"line":24,"column":null}},"4":{"start":{"line":28,"column":20},"end":{"line":32,"column":6}},"5":{"start":{"line":33,"column":21},"end":{"line":33,"column":52}},"6":{"start":{"line":34,"column":23},"end":{"line":34,"column":null}},"7":{"start":{"line":35,"column":4},"end":{"line":38,"column":5}},"8":{"start":{"line":36,"column":28},"end":{"line":36,"column":50}},"9":{"start":{"line":37,"column":6},"end":{"line":37,"column":null}},"10":{"start":{"line":39,"column":4},"end":{"line":39,"column":null}},"11":{"start":{"line":43,"column":20},"end":{"line":48,"column":6}},"12":{"start":{"line":49,"column":4},"end":{"line":49,"column":null}},"13":{"start":{"line":9,"column":0},"end":{"line":9,"column":13}}},"fnMap":{"0":{"name":"(anonymous_7)","decl":{"start":{"line":11,"column":2},"end":{"line":11,"column":31}},"loc":{"start":{"line":11,"column":49},"end":{"line":13,"column":3}}},"1":{"name":"(anonymous_8)","decl":{"start":{"line":15,"column":2},"end":{"line":15,"column":13}},"loc":{"start":{"line":15,"column":13},"end":{"line":25,"column":3}}},"2":{"name":"(anonymous_9)","decl":{"start":{"line":27,"column":8},"end":{"line":27,"column":18}},"loc":{"start":{"line":27,"column":35},"end":{"line":40,"column":null}}},"3":{"name":"(anonymous_11)","decl":{"start":{"line":42,"column":8},"end":{"line":42,"column":18}},"loc":{"start":{"line":42,"column":52},"end":{"line":50,"column":null}}}},"branchMap":{"0":{"loc":{"start":{"line":34,"column":29},"end":{"line":34,"column":70}},"type":"cond-expr","locations":[{"start":{"line":34,"column":42},"end":{"line":34,"column":44}},{"start":{"line":34,"column":42},"end":{"line":34,"column":70}}]},"1":{"loc":{"start":{"line":34,"column":29},"end":{"line":34,"column":44}},"type":"binary-expr","locations":[{"start":{"line":34,"column":29},"end":{"line":34,"column":44}},{"start":{"line":34,"column":42},"end":{"line":34,"column":44}}]},"2":{"loc":{"start":{"line":35,"column":4},"end":{"line":38,"column":5}},"type":"if","locations":[{"start":{"line":35,"column":4},"end":{"line":38,"column":5}}]}},"s":{"0":1,"1":3,"2":3,"3":3,"4":2,"5":2,"6":2,"7":1,"8":1,"9":1,"10":0,"11":1,"12":1,"13":1},"f":{"0":3,"1":3,"2":2,"3":1},"b":{"0":[0,2],"1":[2,2],"2":[1]}}
,"/Users/janapc/projects-nodejs/desafio-anotaai-nodejs/lambda/infra/utils/utils.ts": {"path":"/Users/janapc/projects-nodejs/desafio-anotaai-nodejs/lambda/infra/utils/utils.ts","statementMap":{"0":{"start":{"line":5,"column":2},"end":{"line":7,"column":3}},"1":{"start":{"line":6,"column":4},"end":{"line":6,"column":null}},"2":{"start":{"line":8,"column":15},"end":{"line":8,"column":38}},"3":{"start":{"line":9,"column":2},"end":{"line":11,"column":3}},"4":{"start":{"line":10,"column":4},"end":{"line":10,"column":null}},"5":{"start":{"line":12,"column":18},"end":{"line":12,"column":63}},"6":{"start":{"line":13,"column":2},"end":{"line":13,"column":null}},"7":{"start":{"line":4,"column":0},"end":{"line":4,"column":16}}},"fnMap":{"0":{"name":"extractData","decl":{"start":{"line":4,"column":16},"end":{"line":4,"column":27}},"loc":{"start":{"line":4,"column":45},"end":{"line":14,"column":1}}}},"branchMap":{"0":{"loc":{"start":{"line":5,"column":2},"end":{"line":7,"column":3}},"type":"if","locations":[{"start":{"line":5,"column":2},"end":{"line":7,"column":3}}]},"1":{"loc":{"start":{"line":9,"column":2},"end":{"line":11,"column":3}},"type":"if","locations":[{"start":{"line":9,"column":2},"end":{"line":11,"column":3}}]}},"s":{"0":3,"1":1,"2":2,"3":2,"4":1,"5":1,"6":1,"7":1},"f":{"0":3},"b":{"0":[1],"1":[1]}}
,"/Users/janapc/projects-nodejs/desafio-anotaai-nodejs/lambda/usecases/new-storage.ts": {"path":"/Users/janapc/projects-nodejs/desafio-anotaai-nodejs/lambda/usecases/new-storage.ts","statementMap":{"0":{"start":{"line":10,"column":21},"end":{"line":10,"column":38}},"1":{"start":{"line":11,"column":21},"end":{"line":11,"column":60}},"2":{"start":{"line":12,"column":21},"end":{"line":12,"column":58}},"3":{"start":{"line":16,"column":29},"end":{"line":19,"column":null}},"4":{"start":{"line":20,"column":4},"end":{"line":26,"column":5}},"5":{"start":{"line":21,"column":22},"end":{"line":21,"column":71}},"6":{"start":{"line":22,"column":6},"end":{"line":22,"column":null}},"7":{"start":{"line":22,"column":19},"end":{"line":22,"column":null}},"8":{"start":{"line":24,"column":23},"end":{"line":24,"column":73}},"9":{"start":{"line":25,"column":6},"end":{"line":25,"column":null}},"10":{"start":{"line":25,"column":20},"end":{"line":25,"column":null}},"11":{"start":{"line":27,"column":4},"end":{"line":27,"column":null}},"12":{"start":{"line":8,"column":0},"end":{"line":8,"column":13}}},"fnMap":{"0":{"name":"(anonymous_7)","decl":{"start":{"line":9,"column":2},"end":{"line":9,"column":null}},"loc":{"start":{"line":12,"column":58},"end":{"line":13,"column":6}}},"1":{"name":"(anonymous_8)","decl":{"start":{"line":15,"column":8},"end":{"line":15,"column":15}},"loc":{"start":{"line":15,"column":50},"end":{"line":28,"column":null}}}},"branchMap":{"0":{"loc":{"start":{"line":20,"column":4},"end":{"line":26,"column":5}},"type":"if","locations":[{"start":{"line":20,"column":4},"end":{"line":26,"column":5}},{"start":{"line":23,"column":11},"end":{"line":26,"column":5}}]},"1":{"loc":{"start":{"line":22,"column":6},"end":{"line":22,"column":null}},"type":"if","locations":[{"start":{"line":22,"column":6},"end":{"line":22,"column":null}}]},"2":{"loc":{"start":{"line":25,"column":6},"end":{"line":25,"column":null}},"type":"if","locations":[{"start":{"line":25,"column":6},"end":{"line":25,"column":null}}]}},"s":{"0":2,"1":2,"2":2,"3":2,"4":2,"5":1,"6":1,"7":1,"8":1,"9":1,"10":1,"11":2,"12":1},"f":{"0":2,"1":2},"b":{"0":[1,1],"1":[1],"2":[1]}}
,"/Users/janapc/projects-nodejs/desafio-anotaai-nodejs/lambda/usecases/put-category.ts": {"path":"/Users/janapc/projects-nodejs/desafio-anotaai-nodejs/lambda/usecases/put-category.ts","statementMap":{"0":{"start":{"line":7,"column":21},"end":{"line":7,"column":60}},"1":{"start":{"line":8,"column":21},"end":{"line":8,"column":38}},"2":{"start":{"line":16,"column":21},"end":{"line":16,"column":71}},"3":{"start":{"line":17,"column":22},"end":{"line":17,"column":78}},"4":{"start":{"line":17,"column":58},"end":{"line":17,"column":77}},"5":{"start":{"line":18,"column":4},"end":{"line":26,"column":5}},"6":{"start":{"line":19,"column":6},"end":{"line":19,"column":null}},"7":{"start":{"line":21,"column":6},"end":{"line":25,"column":7}},"8":{"start":{"line":22,"column":8},"end":{"line":22,"column":null}},"9":{"start":{"line":24,"column":8},"end":{"line":24,"column":null}},"10":{"start":{"line":27,"column":4},"end":{"line":27,"column":null}},"11":{"start":{"line":5,"column":0},"end":{"line":5,"column":13}}},"fnMap":{"0":{"name":"(anonymous_7)","decl":{"start":{"line":6,"column":2},"end":{"line":6,"column":null}},"loc":{"start":{"line":8,"column":38},"end":{"line":9,"column":6}}},"1":{"name":"(anonymous_8)","decl":{"start":{"line":11,"column":8},"end":{"line":11,"column":15}},"loc":{"start":{"line":14,"column":20},"end":{"line":28,"column":null}}},"2":{"name":"(anonymous_10)","decl":{"start":{"line":17,"column":51},"end":{"line":17,"column":52}},"loc":{"start":{"line":17,"column":58},"end":{"line":17,"column":77}}}},"branchMap":{"0":{"loc":{"start":{"line":18,"column":4},"end":{"line":26,"column":5}},"type":"if","locations":[{"start":{"line":18,"column":4},"end":{"line":26,"column":5}},{"start":{"line":20,"column":11},"end":{"line":26,"column":5}}]},"1":{"loc":{"start":{"line":21,"column":6},"end":{"line":25,"column":7}},"type":"if","locations":[{"start":{"line":21,"column":6},"end":{"line":25,"column":7}},{"start":{"line":23,"column":13},"end":{"line":25,"column":7}}]}},"s":{"0":3,"1":3,"2":3,"3":3,"4":2,"5":3,"6":1,"7":2,"8":1,"9":1,"10":3,"11":1},"f":{"0":3,"1":3,"2":2},"b":{"0":[1,2],"1":[1,1]}}
,"/Users/janapc/projects-nodejs/desafio-anotaai-nodejs/lambda/usecases/put-product.ts": {"path":"/Users/janapc/projects-nodejs/desafio-anotaai-nodejs/lambda/usecases/put-product.ts","statementMap":{"0":{"start":{"line":7,"column":21},"end":{"line":7,"column":58}},"1":{"start":{"line":8,"column":21},"end":{"line":8,"column":38}},"2":{"start":{"line":16,"column":20},"end":{"line":16,"column":69}},"3":{"start":{"line":17,"column":22},"end":{"line":17,"column":76}},"4":{"start":{"line":17,"column":56},"end":{"line":17,"column":75}},"5":{"start":{"line":18,"column":4},"end":{"line":26,"column":5}},"6":{"start":{"line":19,"column":6},"end":{"line":19,"column":null}},"7":{"start":{"line":21,"column":6},"end":{"line":25,"column":7}},"8":{"start":{"line":22,"column":8},"end":{"line":22,"column":null}},"9":{"start":{"line":24,"column":8},"end":{"line":24,"column":null}},"10":{"start":{"line":27,"column":4},"end":{"line":27,"column":null}},"11":{"start":{"line":5,"column":0},"end":{"line":5,"column":13}}},"fnMap":{"0":{"name":"(anonymous_7)","decl":{"start":{"line":6,"column":2},"end":{"line":6,"column":null}},"loc":{"start":{"line":8,"column":38},"end":{"line":9,"column":6}}},"1":{"name":"(anonymous_8)","decl":{"start":{"line":11,"column":8},"end":{"line":11,"column":15}},"loc":{"start":{"line":14,"column":20},"end":{"line":28,"column":null}}},"2":{"name":"(anonymous_10)","decl":{"start":{"line":17,"column":49},"end":{"line":17,"column":50}},"loc":{"start":{"line":17,"column":56},"end":{"line":17,"column":75}}}},"branchMap":{"0":{"loc":{"start":{"line":18,"column":4},"end":{"line":26,"column":5}},"type":"if","locations":[{"start":{"line":18,"column":4},"end":{"line":26,"column":5}},{"start":{"line":20,"column":11},"end":{"line":26,"column":5}}]},"1":{"loc":{"start":{"line":21,"column":6},"end":{"line":25,"column":7}},"type":"if","locations":[{"start":{"line":21,"column":6},"end":{"line":25,"column":7}},{"start":{"line":23,"column":13},"end":{"line":25,"column":7}}]}},"s":{"0":3,"1":3,"2":3,"3":3,"4":2,"5":3,"6":1,"7":2,"8":1,"9":1,"10":3,"11":1},"f":{"0":3,"1":3,"2":2},"b":{"0":[1,2],"1":[1,1]}}
}
