TN:
SF:infra/database/repositories/category.ts
FN:6,(anonymous_7)
FN:8,(anonymous_8)
FNF:2
FNH:2
FNDA:2,(anonymous_7)
FNDA:2,(anonymous_8)
DA:5,1
DA:6,2
DA:9,2
DA:10,2
DA:11,1
LF:5
LH:5
BRDA:10,0,0,1
BRF:1
BRH:1
end_of_record
TN:
SF:infra/database/repositories/product.ts
FN:6,(anonymous_7)
FN:8,(anonymous_8)
FNF:2
FNH:2
FNDA:2,(anonymous_7)
FNDA:2,(anonymous_8)
DA:5,1
DA:6,2
DA:9,2
DA:10,2
DA:11,1
LF:5
LH:5
BRDA:10,0,0,1
BRF:1
BRH:1
end_of_record
TN:
SF:infra/database/schemas/category.ts
FNF:0
FNH:0
DA:1,1
DA:4,1
DA:10,1
LF:3
LH:3
BRF:0
BRH:0
end_of_record
TN:
SF:infra/database/schemas/product.ts
FNF:0
FNH:0
DA:1,1
DA:4,1
DA:12,1
LF:3
LH:3
BRF:0
BRH:0
end_of_record
TN:
SF:infra/storage/aws-storage-s3.ts
FN:11,(anonymous_7)
FN:15,(anonymous_8)
FN:27,(anonymous_9)
FN:42,(anonymous_11)
FNF:4
FNH:4
FNDA:3,(anonymous_7)
FNDA:3,(anonymous_8)
FNDA:2,(anonymous_9)
FNDA:1,(anonymous_11)
DA:1,1
DA:9,1
DA:11,3
DA:12,3
DA:16,3
DA:28,2
DA:33,2
DA:34,2
DA:35,1
DA:36,1
DA:37,1
DA:39,0
DA:43,1
DA:49,1
LF:14
LH:13
BRDA:34,0,0,0
BRDA:34,0,1,2
BRDA:34,1,0,2
BRDA:34,1,1,2
BRDA:35,2,0,1
BRF:5
BRH:4
end_of_record
TN:
SF:infra/utils/utils.ts
FN:4,extractData
FNF:1
FNH:1
FNDA:3,extractData
DA:4,1
DA:5,3
DA:6,1
DA:8,2
DA:9,2
DA:10,1
DA:12,1
DA:13,1
LF:8
LH:8
BRDA:5,0,0,1
BRDA:9,1,0,1
BRF:2
BRH:2
end_of_record
TN:
SF:usecases/new-storage.ts
FN:9,(anonymous_7)
FN:15,(anonymous_8)
FNF:2
FNH:2
FNDA:2,(anonymous_7)
FNDA:2,(anonymous_8)
DA:8,1
DA:10,2
DA:11,2
DA:12,2
DA:16,2
DA:20,2
DA:21,1
DA:22,1
DA:24,1
DA:25,1
DA:27,2
LF:11
LH:11
BRDA:20,0,0,1
BRDA:20,0,1,1
BRDA:22,1,0,1
BRDA:25,2,0,1
BRF:4
BRH:4
end_of_record
TN:
SF:usecases/put-category.ts
FN:6,(anonymous_7)
FN:11,(anonymous_8)
FN:17,(anonymous_10)
FNF:3
FNH:3
FNDA:3,(anonymous_7)
FNDA:3,(anonymous_8)
FNDA:2,(anonymous_10)
DA:5,1
DA:7,3
DA:8,3
DA:16,3
DA:17,3
DA:18,3
DA:19,1
DA:21,2
DA:22,1
DA:24,1
DA:27,3
LF:11
LH:11
BRDA:18,0,0,1
BRDA:18,0,1,2
BRDA:21,1,0,1
BRDA:21,1,1,1
BRF:4
BRH:4
end_of_record
TN:
SF:usecases/put-product.ts
FN:6,(anonymous_7)
FN:11,(anonymous_8)
FN:17,(anonymous_10)
FNF:3
FNH:3
FNDA:3,(anonymous_7)
FNDA:3,(anonymous_8)
FNDA:2,(anonymous_10)
DA:5,1
DA:7,3
DA:8,3
DA:16,3
DA:17,3
DA:18,3
DA:19,1
DA:21,2
DA:22,1
DA:24,1
DA:27,3
LF:11
LH:11
BRDA:18,0,0,1
BRDA:18,0,1,2
BRDA:21,1,0,1
BRDA:21,1,1,1
BRF:4
BRH:4
end_of_record
